<?xml version="1.0" encoding="UTF-8"?>
<!-- Generated by org.testng.reporters.JUnitXMLReporter -->
<testsuite ignored="0" hostname="DESKTOP-3NTDLTF" failures="1" tests="2" name="Test" time="89.913" errors="0" timestamp="2022-10-18T22:34:12 IST">
  <testcase classname="com.suganya.tests.AmazonTest" name="test1" time="36.483"/>
  <testcase classname="com.suganya.tests.AmazonTest" name="test1" time="35.029">
    <failure type="com.suganya.exceptions.WebElementNotFoundException" message="No element found using locator - By.xpath: //ul[@role=&amp;apos;listbox&amp;apos;]/li/a[text()=&amp;apos;Price: Low to High&amp;apos;]">
      <![CDATA[com.suganya.exceptions.WebElementNotFoundException: No element found using locator - By.xpath: //ul[@role='listbox']/li/a[text()='Price: Low to High']
at com.suganya.factories.ExplicitWaitFactory.performExplicitWait(ExplicitWaitFactory.java:62)
at com.suganya.utils.PageActions.clickElement(PageActions.java:51)
at com.suganya.pages.AmazonCategoryPage.sortResults(AmazonCategoryPage.java:113)
at com.suganya.tests.AmazonTest.test1(AmazonTest.java:50)
at java.base/java.util.concurrent.ThreadPoolExecutor.runWorker(ThreadPoolExecutor.java:1136)
at java.base/java.util.concurrent.ThreadPoolExecutor$Worker.run(ThreadPoolExecutor.java:635)
at java.base/java.lang.Thread.run(Thread.java:833)
... Removed 12 stack frames]]>
    </failure>
  </testcase> <!-- test1 -->
</testsuite> <!-- Test -->
