<?xml version="1.0" encoding="UTF-8"?>
<!-- Generated by org.testng.reporters.JUnitReportReporter -->
<testsuite hostname="DESKTOP-3NTDLTF" failures="0" tests="2" name="com.suganya.tests.AmazonTest" time="88.719" errors="1" timestamp="2022-10-18T22:34:12 IST" skipped="0">
  <testcase classname="com.suganya.tests.AmazonTest" name="test1" time="44.223">
    <error message="No element found using locator - By.xpath: //ul[@role=&#039;listbox&#039;]/li/a[text()=&#039;Price: Low to High&#039;]" type="com.suganya.exceptions.WebElementNotFoundException">
      <![CDATA[com.suganya.exceptions.WebElementNotFoundException: No element found using locator - By.xpath: //ul[@role='listbox']/li/a[text()='Price: Low to High']
at com.suganya.factories.ExplicitWaitFactory.performExplicitWait(ExplicitWaitFactory.java:62)
at com.suganya.utils.PageActions.clickElement(PageActions.java:51)
at com.suganya.pages.AmazonCategoryPage.sortResults(AmazonCategoryPage.java:113)
at com.suganya.tests.AmazonTest.test1(AmazonTest.java:50)
at java.base/jdk.internal.reflect.NativeMethodAccessorImpl.invoke0(Native Method)
at java.base/jdk.internal.reflect.NativeMethodAccessorImpl.invoke(NativeMethodAccessorImpl.java:77)
at java.base/jdk.internal.reflect.DelegatingMethodAccessorImpl.invoke(DelegatingMethodAccessorImpl.java:43)
at java.base/java.lang.reflect.Method.invoke(Method.java:568)
at org.testng.internal.invokers.MethodInvocationHelper.invokeMethod(MethodInvocationHelper.java:139)
at org.testng.internal.invokers.TestInvoker.invokeMethod(TestInvoker.java:677)
at org.testng.internal.invokers.TestInvoker.invokeTestMethod(TestInvoker.java:221)
at org.testng.internal.invokers.MethodRunner.runInSequence(MethodRunner.java:50)
at org.testng.internal.invokers.TestInvoker$MethodInvocationAgent.invoke(TestInvoker.java:962)
at org.testng.internal.invokers.TestInvoker.invokeTestMethods(TestInvoker.java:194)
at org.testng.internal.invokers.TestMethodWorker.invokeTestMethods(TestMethodWorker.java:148)
at org.testng.internal.invokers.TestMethodWorker.run(TestMethodWorker.java:128)
at java.base/java.util.concurrent.ThreadPoolExecutor.runWorker(ThreadPoolExecutor.java:1136)
at java.base/java.util.concurrent.ThreadPoolExecutor$Worker.run(ThreadPoolExecutor.java:635)
at java.base/java.lang.Thread.run(Thread.java:833)
]]>
    </error>
  </testcase> <!-- test1 -->
  <system-out/>
  <testcase classname="com.suganya.tests.AmazonTest" name="test1" time="44.496"/>
  <system-out/>
</testsuite> <!-- com.suganya.tests.AmazonTest -->
